<?xml version="1.0" encoding="UTF-8"?>
<!-- Generated by org.testng.reporters.JUnitReportReporter -->
<testsuite skipped="0" hostname="krish" name="pack2.c4" tests="1" failures="0" timestamp="2022-11-16T20:29:55 IST" time="8.117" errors="0">
  <testcase name="t4" time="8.117" classname="pack2.c4"/>
  <system-out/>
</testsuite> <!-- pack2.c4 -->
