<?xml version="1.0" encoding="UTF-8"?>
<!-- Generated by org.testng.reporters.JUnitReportReporter -->
<testsuite skipped="0" hostname="krish" name="extentreports.e1" tests="1" failures="0" timestamp="2022-11-21T20:17:37 IST" time="3.885" errors="0">
  <testcase name="extentReportsDemo" time="3.885" classname="extentreports.e1"/>
  <system-out/>
</testsuite> <!-- extentreports.e1 -->
