<?xml version="1.0" encoding="UTF-8"?>
<!-- Generated by org.testng.reporters.JUnitReportReporter -->
<testsuite skipped="0" hostname="krish" name="pack1.c1" tests="1" failures="0" timestamp="2022-11-16T20:29:55 IST" time="5.755" errors="0">
  <testcase name="t1" time="5.755" classname="pack1.c1"/>
  <system-out/>
</testsuite> <!-- pack1.c1 -->
