<?xml version="1.0" encoding="UTF-8"?>
<!-- Generated by org.testng.reporters.JUnitReportReporter -->
<testsuite skipped="0" hostname="krish" name="excelreading.reading" tests="1" failures="0" timestamp="2022-11-17T20:29:05 IST" time="0.640" errors="0">
  <testcase name="rw" time="0.640" classname="excelreading.reading"/>
  <system-out/>
</testsuite> <!-- excelreading.reading -->
