<?xml version="1.0" encoding="UTF-8"?>
<!-- Generated by org.testng.reporters.JUnitReportReporter -->
<testsuite skipped="0" hostname="krish" name="dp.c1" tests="3" failures="0" timestamp="2022-11-18T20:31:27 IST" time="23.500" errors="0">
  <testcase name="DataProvSampleTest" time="7.831" classname="dp.c1"/>
  <system-out/>
  <testcase name="DataProvSampleTest" time="9.245" classname="dp.c1"/>
  <system-out/>
  <testcase name="DataProvSampleTest" time="6.424" classname="dp.c1"/>
  <system-out/>
</testsuite> <!-- dp.c1 -->
